<?xml version="1.0" encoding="UTF-8"?>
<testsuite xmlns:xsi="http://www.w3.org/2001/XMLSchema-instance" xsi:noNamespaceSchemaLocation="https://maven.apache.org/surefire/maven-surefire-plugin/xsd/surefire-test-report.xsd" name="TestSuite" time="22.044" tests="3" errors="0" skipped="0" failures="0">
  <properties>
[...]
</properties>
  <testcase name="addProductToCart" classname="Tests.productTest" time="4.973"/>
  <testcase name="verifyPriceTest" classname="Tests.productTest" time="2.641"/>
  <testcase name="registerNewAccountTest" classname="Tests.registerTest" time="2.789"/>
</testsuite>