<?xml version="1.0" encoding="UTF-8"?>
<testng-results skipped="0" failed="0" ignored="0" total="3" passed="3">
  <reporter-output>
  </reporter-output>
  <suite name="Products Suite" duration-ms="15341" started-at="2020-11-06T04:55:40 CST" finished-at="2020-11-06T04:55:55 CST">
    <groups>
      <group name="Products">
        <method signature="productTest.addProductToCart()[pri:0, instance:Tests.productTest@56aac163]" name="addProductToCart" class="Tests.productTest"/>
        <method signature="productTest.verifyPriceTest()[pri:0, instance:Tests.productTest@56aac163]" name="verifyPriceTest" class="Tests.productTest"/>
      </group> <!-- Products -->
    </groups>
    <test name="Products Test" duration-ms="15341" started-at="2020-11-06T04:55:40 CST" finished-at="2020-11-06T04:55:55 CST">
      <class name="Tests.productTest">
        <test-method status="PASS" signature="setUpTest()[pri:0, instance:Tests.productTest@56aac163]" name="setUpTest" is-config="true" duration-ms="3543" started-at="2020-11-06T04:55:40 CST" finished-at="2020-11-06T04:55:43 CST">
          <reporter-output>
          </reporter-output>
        </test-method> <!-- setUpTest -->
        <test-method status="PASS" signature="addProductToCart()[pri:0, instance:Tests.productTest@56aac163]" name="addProductToCart" duration-ms="4973" started-at="2020-11-06T04:55:43 CST" finished-at="2020-11-06T04:55:48 CST">
          <reporter-output>
          </reporter-output>
        </test-method> <!-- addProductToCart -->
        <test-method status="PASS" signature="tearDown()[pri:0, instance:Tests.productTest@56aac163]" name="tearDown" is-config="true" duration-ms="575" started-at="2020-11-06T04:55:48 CST" finished-at="2020-11-06T04:55:49 CST">
          <reporter-output>
          </reporter-output>
        </test-method> <!-- tearDown -->
        <test-method status="PASS" signature="setUpTest()[pri:0, instance:Tests.productTest@56aac163]" name="setUpTest" is-config="true" duration-ms="3012" started-at="2020-11-06T04:55:49 CST" finished-at="2020-11-06T04:55:52 CST">
          <reporter-output>
          </reporter-output>
        </test-method> <!-- setUpTest -->
        <test-method status="PASS" signature="verifyPriceTest()[pri:0, instance:Tests.productTest@56aac163]" name="verifyPriceTest" duration-ms="2641" started-at="2020-11-06T04:55:52 CST" finished-at="2020-11-06T04:55:55 CST">
          <reporter-output>
          </reporter-output>
        </test-method> <!-- verifyPriceTest -->
        <test-method status="PASS" signature="tearDown()[pri:0, instance:Tests.productTest@56aac163]" name="tearDown" is-config="true" duration-ms="575" started-at="2020-11-06T04:55:55 CST" finished-at="2020-11-06T04:55:55 CST">
          <reporter-output>
          </reporter-output>
        </test-method> <!-- tearDown -->
      </class> <!-- Tests.productTest -->
    </test> <!-- Products Test -->
  </suite> <!-- Products Suite -->
  <suite name="Register Suite" duration-ms="6372" started-at="2020-11-06T04:55:55 CST" finished-at="2020-11-06T04:56:02 CST">
    <groups>
      <group name="Register">
        <method signature="registerTest.registerNewAccountTest()[pri:0, instance:Tests.registerTest@528931cf]" name="registerNewAccountTest" class="Tests.registerTest"/>
      </group> <!-- Register -->
    </groups>
    <test name="Register Test" duration-ms="6372" started-at="2020-11-06T04:55:55 CST" finished-at="2020-11-06T04:56:02 CST">
      <class name="Tests.registerTest">
        <test-method status="PASS" signature="setUpTest()[pri:0, instance:Tests.registerTest@528931cf]" name="setUpTest" is-config="true" duration-ms="3014" started-at="2020-11-06T04:55:55 CST" finished-at="2020-11-06T04:55:58 CST">
          <reporter-output>
          </reporter-output>
        </test-method> <!-- setUpTest -->
        <test-method status="PASS" signature="registerNewAccountTest()[pri:0, instance:Tests.registerTest@528931cf]" name="registerNewAccountTest" duration-ms="2789" started-at="2020-11-06T04:55:58 CST" finished-at="2020-11-06T04:56:01 CST">
          <reporter-output>
          </reporter-output>
        </test-method> <!-- registerNewAccountTest -->
        <test-method status="PASS" signature="tearDown()[pri:0, instance:Tests.registerTest@528931cf]" name="tearDown" is-config="true" duration-ms="569" started-at="2020-11-06T04:56:01 CST" finished-at="2020-11-06T04:56:02 CST">
          <reporter-output>
          </reporter-output>
        </test-method> <!-- tearDown -->
      </class> <!-- Tests.registerTest -->
    </test> <!-- Register Test -->
  </suite> <!-- Register Suite -->
</testng-results>
